<?xml version="1.0" encoding="UTF-8"?>
<testsuite name="sampleproject.AppTest" tests="1" skipped="0" failures="0" errors="0" timestamp="2022-07-15T17:25:15" hostname="ss-desktop" time="0.045">
  <properties/>
  <testcase name="appHasAGreeting()" classname="sampleproject.AppTest" time="0.045"/>
  <system-out><![CDATA[]]></system-out>
  <system-err><![CDATA[]]></system-err>
</testsuite>
